# JRE version: OpenJDK Runtime Environment JBR-11.0.9.1.11-1145.63-jcef (11.0.9.1+11) (build 11.0.9.1+11-b1145.63)
# Java VM: OpenJDK 64-Bit Server VM JBR-11.0.9.1.11-1145.63-jcef (11.0.9.1+11-b1145.63, mixed mode, tiered, compressed oops, g1 gc, windows-amd64)
Heap:
 garbage-first heap   total 260096K, used 198370K [0x0000000080000000, 0x0000000100000000)
  region size 1024K, 87 young (89088K), 4 survivors (4096K)
 Metaspace       used 114377K, capacity 117796K, committed 117968K, reserved 1153024K
  class space    used 14066K, capacity 15180K, committed 15232K, reserved 1048576K
GC Heap History (20 events):
Event: 10.444 GC heap before
{Heap before GC invocations=9 (full 0):
 garbage-first heap   total 260096K, used 194262K [0x0000000080000000, 0x0000000100000000)
  region size 1024K, 152 young (155648K), 18 survivors (18432K)
 Metaspace       used 71833K, capacity 73944K, committed 74192K, reserved 1114112K
  class space    used 9162K, capacity 9785K, committed 9856K, reserved 1048576K
}
Event: 10.461 GC heap after
{Heap after GC invocations=10 (full 0):
 garbage-first heap   total 260096K, used 64742K [0x0000000080000000, 0x0000000100000000)
  region size 1024K, 10 young (10240K), 10 survivors (10240K)
 Metaspace       used 71833K, capacity 73944K, committed 74192K, reserved 1114112K
  class space    used 9162K, capacity 9785K, committed 9856K, reserved 1048576K
}
Event: 14.432 GC heap before
{Heap before GC invocations=10 (full 0):
 garbage-first heap   total 260096K, used 197862K [0x0000000080000000, 0x0000000100000000)
  region size 1024K, 141 young (144384K), 10 survivors (10240K)
 Metaspace       used 84496K, capacity 86707K, committed 86864K, reserved 1124352K
  class space    used 10804K, capacity 11486K, committed 11520K, reserved 1048576K
}
Event: 14.446 GC heap after
{Heap after GC invocations=11 (full 0):
 garbage-first heap   total 260096K, used 73096K [0x0000000080000000, 0x0000000100000000)
  region size 1024K, 18 young (18432K), 18 survivors (18432K)
 Metaspace       used 84496K, capacity 86707K, committed 86864K, reserved 1124352K
  class space    used 10804K, capacity 11486K, committed 11520K, reserved 1048576K
}
Event: 17.885 GC heap before
{Heap before GC invocations=11 (full 0):
 garbage-first heap   total 260096K, used 203144K [0x0000000080000000, 0x0000000100000000)
  region size 1024K, 145 young (148480K), 18 survivors (18432K)
 Metaspace       used 89046K, capacity 91713K, committed 91984K, reserved 1128448K
  class space    used 11327K, capacity 12201K, committed 12288K, reserved 1048576K
}
Event: 17.902 GC heap after
{Heap after GC invocations=12 (full 0):
 garbage-first heap   total 260096K, used 79729K [0x0000000080000000, 0x0000000100000000)
  region size 1024K, 16 young (16384K), 16 survivors (16384K)
 Metaspace       used 89046K, capacity 91713K, committed 91984K, reserved 1128448K
  class space    used 11327K, capacity 12201K, committed 12288K, reserved 1048576K
}
Event: 41.579 GC heap before
{Heap before GC invocations=12 (full 0):
 garbage-first heap   total 260096K, used 204657K [0x0000000080000000, 0x0000000100000000)
  region size 1024K, 139 young (142336K), 16 survivors (16384K)
 Metaspace       used 95966K, capacity 98745K, committed 99024K, reserved 1136640K
  class space    used 11947K, capacity 12879K, committed 12928K, reserved 1048576K
}
Event: 41.596 GC heap after
{Heap after GC invocations=13 (full 0):
 garbage-first heap   total 260096K, used 88777K [0x0000000080000000, 0x0000000100000000)
  region size 1024K, 16 young (16384K), 16 survivors (16384K)
 Metaspace       used 95966K, capacity 98745K, committed 99024K, reserved 1136640K
  class space    used 11947K, capacity 12879K, committed 12928K, reserved 1048576K
}
Event: 701.181 GC heap before
{Heap before GC invocations=13 (full 0):
 garbage-first heap   total 260096K, used 196297K [0x0000000080000000, 0x0000000100000000)
  region size 1024K, 123 young (125952K), 16 survivors (16384K)
 Metaspace       used 97494K, capacity 100767K, committed 100828K, reserved 1136640K
  class space    used 12085K, capacity 13127K, committed 13184K, reserved 1048576K
}
Event: 701.200 GC heap after
{Heap after GC invocations=14 (full 0):
 garbage-first heap   total 260096K, used 90806K [0x0000000080000000, 0x0000000100000000)
  region size 1024K, 11 young (11264K), 11 survivors (11264K)
 Metaspace       used 97494K, capacity 100767K, committed 100828K, reserved 1136640K
  class space    used 12085K, capacity 13127K, committed 13184K, reserved 1048576K
}
Event: 703.696 GC heap before
{Heap before GC invocations=15 (full 0):
 garbage-first heap   total 260096K, used 207542K [0x0000000080000000, 0x0000000100000000)
  region size 1024K, 126 young (129024K), 11 survivors (11264K)
 Metaspace       used 101059K, capacity 104312K, committed 104528K, reserved 1140736K
  class space    used 12492K, capacity 13538K, committed 13568K, reserved 1048576K
}
Event: 703.715 GC heap after
{Heap after GC invocations=16 (full 0):
 garbage-first heap   total 260096K, used 103018K [0x0000000080000000, 0x0000000100000000)
  region size 1024K, 16 young (16384K), 16 survivors (16384K)
 Metaspace       used 101059K, capacity 104312K, committed 104528K, reserved 1140736K
  class space    used 12492K, capacity 13538K, committed 13568K, reserved 1048576K
}
Event: 710.705 GC heap before
{Heap before GC invocations=16 (full 0):
 garbage-first heap   total 260096K, used 214634K [0x0000000080000000, 0x0000000100000000)
  region size 1024K, 118 young (120832K), 16 survivors (16384K)
 Metaspace       used 105378K, capacity 108666K, committed 108880K, reserved 1144832K
  class space    used 12988K, capacity 14052K, committed 14080K, reserved 1048576K
}
Event: 710.723 GC heap after
{Heap after GC invocations=17 (full 0):
 garbage-first heap   total 260096K, used 110955K [0x0000000080000000, 0x0000000100000000)
  region size 1024K, 8 young (8192K), 8 survivors (8192K)
 Metaspace       used 105378K, capacity 108666K, committed 108880K, reserved 1144832K
  class space    used 12988K, capacity 14052K, committed 14080K, reserved 1048576K
}
Event: 711.820 GC heap before
{Heap before GC invocations=17 (full 0):
 garbage-first heap   total 260096K, used 211307K [0x0000000080000000, 0x0000000100000000)
  region size 1024K, 105 young (107520K), 8 survivors (8192K)
 Metaspace       used 105791K, capacity 109114K, committed 109392K, reserved 1144832K
  class space    used 13022K, capacity 14052K, committed 14080K, reserved 1048576K
}
Event: 711.828 GC heap after
{Heap after GC invocations=18 (full 0):
 garbage-first heap   total 260096K, used 114900K [0x0000000080000000, 0x0000000100000000)
  region size 1024K, 10 young (10240K), 10 survivors (10240K)
 Metaspace       used 105791K, capacity 109114K, committed 109392K, reserved 1144832K
  class space    used 13022K, capacity 14052K, committed 14080K, reserved 1048576K
}
Event: 712.594 GC heap before
{Heap before GC invocations=18 (full 0):
 garbage-first heap   total 260096K, used 213204K [0x0000000080000000, 0x0000000100000000)
  region size 1024K, 106 young (108544K), 10 survivors (10240K)
 Metaspace       used 105793K, capacity 109114K, committed 109392K, reserved 1144832K
  class space    used 13022K, capacity 14052K, committed 14080K, reserved 1048576K
}
Event: 712.603 GC heap after
{Heap after GC invocations=19 (full 0):
 garbage-first heap   total 260096K, used 119850K [0x0000000080000000, 0x0000000100000000)
  region size 1024K, 9 young (9216K), 9 survivors (9216K)
 Metaspace       used 105793K, capacity 109114K, committed 109392K, reserved 1144832K
  class space    used 13022K, capacity 14052K, committed 14080K, reserved 1048576K
}
Event: 715.889 GC heap before
{Heap before GC invocations=19 (full 0):
 garbage-first heap   total 260096K, used 215082K [0x0000000080000000, 0x0000000100000000)
  region size 1024K, 101 young (103424K), 9 survivors (9216K)
 Metaspace       used 114051K, capacity 117438K, committed 117712K, reserved 1153024K
  class space    used 14033K, capacity 15124K, committed 15232K, reserved 1048576K
}
Event: 715.894 GC heap after
{Heap after GC invocations=20 (full 0):
 garbage-first heap   total 260096K, used 115426K [0x0000000080000000, 0x0000000100000000)
  region size 1024K, 4 young (4096K), 4 survivors (4096K)
 Metaspace       used 114051K, capacity 117438K, committed 117712K, reserved 1153024K
  class space    used 14033K, capacity 15124K, committed 15232K, reserved 1048576K
}

